<?xml version="1.0" encoding="UTF-8"?>
<!-- Generated by org.testng.reporters.JUnitReportReporter -->
<testsuite hostname="DESKTOP-BHR3PSD" failures="0" tests="6" name="testNG.verifyAddtoCartfunctionFlipkart" time="124.141" errors="0" timestamp="2024-03-01T15:09:37 IST" skipped="0">
  <testcase classname="testNG.verifyAddtoCartfunctionFlipkart" name="verifyAddtoCartFlipcart" time="27.136"/>
  <testcase classname="testNG.verifyAddtoCartfunctionFlipkart" name="verifyAddtoCartFlipcart" time="21.277"/>
  <testcase classname="testNG.verifyAddtoCartfunctionFlipkart" name="verifyAddtoCartFlipcart" time="21.408"/>
  <testcase classname="testNG.verifyAddtoCartfunctionFlipkart" name="verifyCompareOption" time="14.024"/>
  <testcase classname="testNG.verifyAddtoCartfunctionFlipkart" name="verifyCompareOption" time="20.135"/>
  <testcase classname="testNG.verifyAddtoCartfunctionFlipkart" name="verifyCompareOption" time="20.161"/>
</testsuite> <!-- testNG.verifyAddtoCartfunctionFlipkart -->
